nov. 08, 2023 12:56:34 AM br.edu.unijui.utils.LoggerUtils logMessage
INFO: Sucesso ao buscar passageiros
nov. 08, 2023 12:56:34 AM br.edu.unijui.utils.LoggerUtils logMessage
INFO: Sucesso ao buscar lista de  avioes
nov. 08, 2023 12:56:34 AM br.edu.unijui.utils.LoggerUtils logMessage
INFO: Sucesso ao buscar passageiros
nov. 08, 2023 12:56:34 AM br.edu.unijui.utils.LoggerUtils logMessage
INFO: Sucesso ao buscar lista de  avioes
nov. 08, 2023 12:56:34 AM br.edu.unijui.utils.LoggerUtils logMessage
INFO: Sucesso ao buscar passageiros
nov. 08, 2023 12:56:34 AM br.edu.unijui.utils.LoggerUtils logMessage
INFO: Sucesso ao buscar lista de  avioes
nov. 08, 2023 12:56:34 AM br.edu.unijui.utils.LoggerUtils logMessage
INFO: Sucesso ao buscar passageiros
nov. 08, 2023 12:56:34 AM br.edu.unijui.utils.LoggerUtils logMessage
INFO: Sucesso ao buscar viagens
nov. 08, 2023 12:58:10 AM br.edu.unijui.utils.LoggerUtils logMessage
INFO: Sucesso ao buscar passageiros
nov. 08, 2023 12:58:10 AM br.edu.unijui.utils.LoggerUtils logMessage
INFO: Sucesso ao buscar lista de  avioes
nov. 08, 2023 12:58:21 AM br.edu.unijui.utils.LoggerUtils logMessage
INFO: Sucesso ao buscar passageiros
nov. 08, 2023 12:58:21 AM br.edu.unijui.utils.LoggerUtils logMessage
INFO: Sucesso ao buscar lista de  avioes
nov. 08, 2023 12:58:32 AM br.edu.unijui.utils.LoggerUtils logMessage
INFO: Sucesso ao buscar passageiros
nov. 08, 2023 12:58:32 AM br.edu.unijui.utils.LoggerUtils logMessage
INFO: Sucesso ao buscar lista de  avioes
nov. 08, 2023 12:58:34 AM br.edu.unijui.utils.LoggerUtils logMessage
INFO: Sucesso ao buscar passageiros
nov. 08, 2023 12:58:34 AM br.edu.unijui.utils.LoggerUtils logMessage
INFO: Sucesso ao buscar viagens
nov. 08, 2023 1:01:48 AM br.edu.unijui.utils.LoggerUtils logMessage
INFO: Sucesso ao buscar passageiros
nov. 08, 2023 1:01:50 AM br.edu.unijui.utils.LoggerUtils logMessage
INFO: Sucesso ao buscar lista de  avioes
nov. 08, 2023 1:01:50 AM br.edu.unijui.utils.LoggerUtils logMessage
INFO: Sucesso ao buscar passageiros
nov. 08, 2023 1:01:50 AM br.edu.unijui.utils.LoggerUtils logMessage
INFO: Sucesso ao buscar lista de  avioes
nov. 08, 2023 1:01:50 AM br.edu.unijui.utils.LoggerUtils logMessage
INFO: Sucesso ao buscar passageiros
nov. 08, 2023 1:01:50 AM br.edu.unijui.utils.LoggerUtils logMessage
INFO: Sucesso ao buscar lista de  avioes
nov. 08, 2023 1:01:50 AM br.edu.unijui.utils.LoggerUtils logMessage
INFO: Sucesso ao buscar passageiros
nov. 08, 2023 1:01:50 AM br.edu.unijui.utils.LoggerUtils logMessage
INFO: Sucesso ao buscar viagens
nov. 08, 2023 1:06:07 AM br.edu.unijui.utils.LoggerUtils logMessage
INFO: Sucesso ao buscar passageiros
nov. 08, 2023 1:06:07 AM br.edu.unijui.utils.LoggerUtils logMessage
INFO: Sucesso ao buscar aviao
nov. 08, 2023 1:06:21 AM br.edu.unijui.utils.LoggerUtils logMessage
INFO: Sucesso ao buscar passageiros
nov. 08, 2023 1:06:21 AM br.edu.unijui.utils.LoggerUtils logMessage
INFO: Sucesso ao buscar aviao
nov. 08, 2023 1:07:15 AM br.edu.unijui.utils.LoggerUtils logMessage
INFO: Sucesso ao buscar passageiros
nov. 08, 2023 1:07:15 AM br.edu.unijui.utils.LoggerUtils logMessage
INFO: Sucesso ao buscar aviao
nov. 08, 2023 1:07:17 AM br.edu.unijui.utils.LoggerUtils logMessage
INFO: Sucesso ao buscar passageiros
nov. 08, 2023 1:07:17 AM br.edu.unijui.utils.LoggerUtils logMessage
INFO: Sucesso ao buscar viagens
nov. 08, 2023 1:11:26 AM br.edu.unijui.utils.LoggerUtils logMessage
INFO: Sucesso ao buscar aviao
nov. 08, 2023 1:11:26 AM br.edu.unijui.utils.LoggerUtils logMessage
INFO: Sucesso ao buscar passageiros
nov. 08, 2023 1:11:26 AM br.edu.unijui.utils.LoggerUtils logMessage
INFO: Sucesso ao buscar aviao
nov. 08, 2023 1:11:26 AM br.edu.unijui.utils.LoggerUtils logMessage
INFO: Sucesso ao buscar passageiros
nov. 08, 2023 1:11:26 AM br.edu.unijui.utils.LoggerUtils logMessage
INFO: Sucesso ao buscar aviao
nov. 08, 2023 1:11:26 AM br.edu.unijui.utils.LoggerUtils logMessage
INFO: Sucesso ao buscar passageiros
nov. 08, 2023 1:11:26 AM br.edu.unijui.utils.LoggerUtils logMessage
INFO: Sucesso ao buscar viagens
nov. 08, 2023 1:17:14 AM br.edu.unijui.utils.LoggerUtils logMessage
INFO: Sucesso ao buscar passageiros
nov. 08, 2023 1:17:14 AM br.edu.unijui.utils.LoggerUtils logMessage
INFO: Sucesso ao buscar detalhes do avião da viagem 1
nov. 08, 2023 1:17:14 AM br.edu.unijui.utils.LoggerUtils logMessage
INFO: Sucesso ao buscar passageiros na viagem 1
nov. 08, 2023 1:17:14 AM br.edu.unijui.utils.LoggerUtils logMessage
INFO: Sucesso ao buscar detalhes do avião da viagem 2
nov. 08, 2023 1:17:14 AM br.edu.unijui.utils.LoggerUtils logMessage
INFO: Sucesso ao buscar passageiros na viagem 2
nov. 08, 2023 1:17:14 AM br.edu.unijui.utils.LoggerUtils logMessage
INFO: Sucesso ao buscar detalhes do avião da viagem 3
nov. 08, 2023 1:17:14 AM br.edu.unijui.utils.LoggerUtils logMessage
INFO: Sucesso ao buscar passageiros na viagem 3
nov. 08, 2023 1:17:14 AM br.edu.unijui.utils.LoggerUtils logMessage
INFO: Sucesso ao buscar viagens
